<html>
<head>
<title>TestNG:  Surefire test</title>
<link href="../testng.css" rel="stylesheet" type="text/css" />
<link href="../my-testng.css" rel="stylesheet" type="text/css" />

<style type="text/css">
.log { display: none;} 
.stack-trace { display: none;} 
</style>
<script type="text/javascript">
<!--
function flip(e) {
  current = e.style.display;
  if (current == 'block') {
    e.style.display = 'none';
    return 0;
  }
  else {
    e.style.display = 'block';
    return 1;
  }
}

function toggleBox(szDivId, elem, msg1, msg2)
{
  var res = -1;  if (document.getElementById) {
    res = flip(document.getElementById(szDivId));
  }
  else if (document.all) {
    // this is the way old msie versions work
    res = flip(document.all[szDivId]);
  }
  if(elem) {
    if(res == 0) elem.innerHTML = msg1; else elem.innerHTML = msg2;
  }

}

function toggleAllBoxes() {
  if (document.getElementsByTagName) {
    d = document.getElementsByTagName('div');
    for (i = 0; i < d.length; i++) {
      if (d[i].className == 'log') {
        flip(d[i]);
      }
    }
  }
}

// -->
</script>

</head>
<body>
<h2 align='center'>Surefire test</h2><table border='1' align="center">
<tr>
<td>Tests passed/Failed/Skipped:</td><td>40/0/0</td>
</tr><tr>
<td>Started on:</td><td>Mon May 20 17:30:41 WEST 2024</td>
</tr>
<tr><td>Total time:</td><td>0 seconds (156 ms)</td>
</tr><tr>
<td>Included groups:</td><td></td>
</tr><tr>
<td>Excluded groups:</td><td></td>
</tr>
</table><p/>
<small><i>(Hover the method name to see the test class name)</i></small><p/>
<table width='100%' border='1' class='invocation-passed'>
<tr><td colspan='4' align='center'><b>PASSED TESTS</b></td></tr>
<tr><td><b>Test method</b></td>
<td width="30%"><b>Exception</b></td>
<td width="10%"><b>Time (seconds)</b></td>
<td><b>Instance</b></td>
</tr>
<tr>
<td title='com.interview.coding.battleshipservice.service.FieldServiceTest.testBuildFieldShipsDeployment()'><b>testBuildFieldShipsDeployment</b><br>Test class: com.interview.coding.battleshipservice.service.FieldServiceTest</td>
<td></td>
<td>0</td>
<td>com.interview.coding.battleshipservice.service.FieldServiceTest@795cd85e</td></tr>
<tr>
<td title='com.interview.coding.battleshipservice.service.FieldServiceTest.testBuildWater()'><b>testBuildWater</b><br>Test class: com.interview.coding.battleshipservice.service.FieldServiceTest</td>
<td></td>
<td>0</td>
<td>com.interview.coding.battleshipservice.service.FieldServiceTest@795cd85e</td></tr>
<tr>
<td title='com.interview.coding.battleshipservice.service.CoordinateServiceTest.testDecodeCoordinateA1()'><b>testDecodeCoordinateA1</b><br>Test class: com.interview.coding.battleshipservice.service.CoordinateServiceTest</td>
<td></td>
<td>0</td>
<td>com.interview.coding.battleshipservice.service.CoordinateServiceTest@402bba4f</td></tr>
<tr>
<td title='com.interview.coding.battleshipservice.service.CoordinateServiceTest.testDecodeWrongCoordinatePattern()'><b>testDecodeWrongCoordinatePattern</b><br>Test class: com.interview.coding.battleshipservice.service.CoordinateServiceTest</td>
<td><div><pre>com.interview.coding.battleshipservice.exception.WrongCoordinateException: Coordinate AB is wrong
	at com.interview.coding.battleshipservice.service.CoordinateService.decodeCoordinate(CoordinateService.java:20)
	at com.interview.coding.battleshipservice.service.CoordinateServiceTest.testDecodeWrongCoordinatePattern(CoordinateServiceTest.java:27)
	at java.base/java.util.ArrayList.forEach(ArrayList.java:1541)
... Removed 32 stack frames</pre></div><a href='#' onClick='toggleBox("stack-trace1329315688", this, "Click to show all stack frames", "Click to hide stack frames")'>Click to show all stack frames</a>
<div class='stack-trace' id='stack-trace1329315688'><pre>com.interview.coding.battleshipservice.exception.WrongCoordinateException: Coordinate AB is wrong
	at com.interview.coding.battleshipservice.service.CoordinateService.decodeCoordinate(CoordinateService.java:20)
	at com.interview.coding.battleshipservice.service.CoordinateServiceTest.testDecodeWrongCoordinatePattern(CoordinateServiceTest.java:27)
	at java.base/jdk.internal.reflect.NativeMethodAccessorImpl.invoke0(Native Method)
	at java.base/jdk.internal.reflect.NativeMethodAccessorImpl.invoke(NativeMethodAccessorImpl.java:62)
	at java.base/jdk.internal.reflect.DelegatingMethodAccessorImpl.invoke(DelegatingMethodAccessorImpl.java:43)
	at java.base/java.lang.reflect.Method.invoke(Method.java:566)
	at org.testng.internal.MethodInvocationHelper.invokeMethod(MethodInvocationHelper.java:132)
	at org.testng.internal.TestInvoker.invokeMethod(TestInvoker.java:599)
	at org.testng.internal.TestInvoker.invokeTestMethod(TestInvoker.java:174)
	at org.testng.internal.MethodRunner.runInSequence(MethodRunner.java:46)
	at org.testng.internal.TestInvoker$MethodInvocationAgent.invoke(TestInvoker.java:822)
	at org.testng.internal.TestInvoker.invokeTestMethods(TestInvoker.java:147)
	at org.testng.internal.TestMethodWorker.invokeTestMethods(TestMethodWorker.java:146)
	at org.testng.internal.TestMethodWorker.run(TestMethodWorker.java:128)
	at java.base/java.util.ArrayList.forEach(ArrayList.java:1541)
	at org.testng.TestRunner.privateRun(TestRunner.java:764)
	at org.testng.TestRunner.run(TestRunner.java:585)
	at org.testng.SuiteRunner.runTest(SuiteRunner.java:384)
	at org.testng.SuiteRunner.runSequentially(SuiteRunner.java:378)
	at org.testng.SuiteRunner.privateRun(SuiteRunner.java:337)
	at org.testng.SuiteRunner.run(SuiteRunner.java:286)
	at org.testng.SuiteRunnerWorker.runSuite(SuiteRunnerWorker.java:53)
	at org.testng.SuiteRunnerWorker.run(SuiteRunnerWorker.java:96)
	at org.testng.TestNG.runSuitesSequentially(TestNG.java:1218)
	at org.testng.TestNG.runSuitesLocally(TestNG.java:1140)
	at org.testng.TestNG.runSuites(TestNG.java:1069)
	at org.testng.TestNG.run(TestNG.java:1037)
	at org.apache.maven.surefire.testng.TestNGExecutor.run(TestNGExecutor.java:135)
	at org.apache.maven.surefire.testng.TestNGDirectoryTestSuite.executeMulti(TestNGDirectoryTestSuite.java:193)
	at org.apache.maven.surefire.testng.TestNGDirectoryTestSuite.execute(TestNGDirectoryTestSuite.java:94)
	at org.apache.maven.surefire.testng.TestNGProvider.invoke(TestNGProvider.java:146)
	at org.apache.maven.surefire.booter.ForkedBooter.invokeProviderInSameClassLoader(ForkedBooter.java:384)
	at org.apache.maven.surefire.booter.ForkedBooter.runSuitesInProcess(ForkedBooter.java:345)
	at org.apache.maven.surefire.booter.ForkedBooter.execute(ForkedBooter.java:126)
	at org.apache.maven.surefire.booter.ForkedBooter.main(ForkedBooter.java:418)
</pre></div></td>
<td>0</td>
<td>com.interview.coding.battleshipservice.service.CoordinateServiceTest@402bba4f</td></tr>
<tr>
<td title='com.interview.coding.battleshipservice.controller.GameControllerTest.testDeployShips()'><b>testDeployShips</b><br>Test class: com.interview.coding.battleshipservice.controller.GameControllerTest</td>
<td></td>
<td>0</td>
<td>com.interview.coding.battleshipservice.controller.GameControllerTest@40ef3420</td></tr>
<tr>
<td title='com.interview.coding.battleshipservice.service.GameServiceTest.testDeployShips()'><b>testDeployShips</b><br>Test class: com.interview.coding.battleshipservice.service.GameServiceTest</td>
<td></td>
<td>0</td>
<td>com.interview.coding.battleshipservice.service.GameServiceTest@6e171cd7</td></tr>
<tr>
<td title='com.interview.coding.battleshipservice.service.GameServiceTest.testDeployShipsAlreadyDeployed()'><b>testDeployShipsAlreadyDeployed</b><br>Test class: com.interview.coding.battleshipservice.service.GameServiceTest</td>
<td><div><pre>com.interview.coding.battleshipservice.exception.ShipsAlreadyDeployedException: player1&apos;s ships are already deployed
	at com.interview.coding.battleshipservice.service.GameService.deployShips(GameService.java:85)
	at com.interview.coding.battleshipservice.service.GameServiceTest.testDeployShipsAlreadyDeployed(GameServiceTest.java:163)
	at java.base/java.util.ArrayList.forEach(ArrayList.java:1541)
... Removed 32 stack frames</pre></div><a href='#' onClick='toggleBox("stack-trace1312963234", this, "Click to show all stack frames", "Click to hide stack frames")'>Click to show all stack frames</a>
<div class='stack-trace' id='stack-trace1312963234'><pre>com.interview.coding.battleshipservice.exception.ShipsAlreadyDeployedException: player1&apos;s ships are already deployed
	at com.interview.coding.battleshipservice.service.GameService.deployShips(GameService.java:85)
	at com.interview.coding.battleshipservice.service.GameServiceTest.testDeployShipsAlreadyDeployed(GameServiceTest.java:163)
	at java.base/jdk.internal.reflect.NativeMethodAccessorImpl.invoke0(Native Method)
	at java.base/jdk.internal.reflect.NativeMethodAccessorImpl.invoke(NativeMethodAccessorImpl.java:62)
	at java.base/jdk.internal.reflect.DelegatingMethodAccessorImpl.invoke(DelegatingMethodAccessorImpl.java:43)
	at java.base/java.lang.reflect.Method.invoke(Method.java:566)
	at org.testng.internal.MethodInvocationHelper.invokeMethod(MethodInvocationHelper.java:132)
	at org.testng.internal.TestInvoker.invokeMethod(TestInvoker.java:599)
	at org.testng.internal.TestInvoker.invokeTestMethod(TestInvoker.java:174)
	at org.testng.internal.MethodRunner.runInSequence(MethodRunner.java:46)
	at org.testng.internal.TestInvoker$MethodInvocationAgent.invoke(TestInvoker.java:822)
	at org.testng.internal.TestInvoker.invokeTestMethods(TestInvoker.java:147)
	at org.testng.internal.TestMethodWorker.invokeTestMethods(TestMethodWorker.java:146)
	at org.testng.internal.TestMethodWorker.run(TestMethodWorker.java:128)
	at java.base/java.util.ArrayList.forEach(ArrayList.java:1541)
	at org.testng.TestRunner.privateRun(TestRunner.java:764)
	at org.testng.TestRunner.run(TestRunner.java:585)
	at org.testng.SuiteRunner.runTest(SuiteRunner.java:384)
	at org.testng.SuiteRunner.runSequentially(SuiteRunner.java:378)
	at org.testng.SuiteRunner.privateRun(SuiteRunner.java:337)
	at org.testng.SuiteRunner.run(SuiteRunner.java:286)
	at org.testng.SuiteRunnerWorker.runSuite(SuiteRunnerWorker.java:53)
	at org.testng.SuiteRunnerWorker.run(SuiteRunnerWorker.java:96)
	at org.testng.TestNG.runSuitesSequentially(TestNG.java:1218)
	at org.testng.TestNG.runSuitesLocally(TestNG.java:1140)
	at org.testng.TestNG.runSuites(TestNG.java:1069)
	at org.testng.TestNG.run(TestNG.java:1037)
	at org.apache.maven.surefire.testng.TestNGExecutor.run(TestNGExecutor.java:135)
	at org.apache.maven.surefire.testng.TestNGDirectoryTestSuite.executeMulti(TestNGDirectoryTestSuite.java:193)
	at org.apache.maven.surefire.testng.TestNGDirectoryTestSuite.execute(TestNGDirectoryTestSuite.java:94)
	at org.apache.maven.surefire.testng.TestNGProvider.invoke(TestNGProvider.java:146)
	at org.apache.maven.surefire.booter.ForkedBooter.invokeProviderInSameClassLoader(ForkedBooter.java:384)
	at org.apache.maven.surefire.booter.ForkedBooter.runSuitesInProcess(ForkedBooter.java:345)
	at org.apache.maven.surefire.booter.ForkedBooter.execute(ForkedBooter.java:126)
	at org.apache.maven.surefire.booter.ForkedBooter.main(ForkedBooter.java:418)
</pre></div></td>
<td>0</td>
<td>com.interview.coding.battleshipservice.service.GameServiceTest@6e171cd7</td></tr>
<tr>
<td title='com.interview.coding.battleshipservice.service.GameServiceTest.testDeployShipsAndPlayersReady()'><b>testDeployShipsAndPlayersReady</b><br>Test class: com.interview.coding.battleshipservice.service.GameServiceTest</td>
<td></td>
<td>0</td>
<td>com.interview.coding.battleshipservice.service.GameServiceTest@6e171cd7</td></tr>
<tr>
<td title='com.interview.coding.battleshipservice.service.GameServiceTest.testDeployShipsWithIncorrectShipType()'><b>testDeployShipsWithIncorrectShipType</b><br>Test class: com.interview.coding.battleshipservice.service.GameServiceTest</td>
<td><div><pre>com.interview.coding.battleshipservice.exception.ShipDeploymentException: Ship YellowSubmarine with coordinates [A1, B1] is not deployed correctly on the field
	at com.interview.coding.battleshipservice.service.GameService.mapShipsDeployment(GameService.java:109)
	at com.interview.coding.battleshipservice.service.GameService.deployShips(GameService.java:87)
	at com.interview.coding.battleshipservice.service.GameServiceTest.testDeployShipsWithIncorrectShipType(GameServiceTest.java:139)
	at java.base/java.util.ArrayList.forEach(ArrayList.java:1541)
Caused by: java.lang.IllegalArgumentException: Missing ship factory configuration
	at com.interview.coding.battleshipservice.model.ship.ShipType.lambda$getByTypeName$1(ShipType.java:60)
	at java.base/java.util.Optional.orElseThrow(Optional.java:408)
	at com.interview.coding.battleshipservice.model.ship.ShipType.getByTypeName(ShipType.java:60)
	at com.interview.coding.battleshipservice.service.GameService.mapShipsDeployment(GameService.java:103)
	... 35 more
... Removed 32 stack frames</pre></div><a href='#' onClick='toggleBox("stack-trace94157402", this, "Click to show all stack frames", "Click to hide stack frames")'>Click to show all stack frames</a>
<div class='stack-trace' id='stack-trace94157402'><pre>com.interview.coding.battleshipservice.exception.ShipDeploymentException: Ship YellowSubmarine with coordinates [A1, B1] is not deployed correctly on the field
	at com.interview.coding.battleshipservice.service.GameService.mapShipsDeployment(GameService.java:109)
	at com.interview.coding.battleshipservice.service.GameService.deployShips(GameService.java:87)
	at com.interview.coding.battleshipservice.service.GameServiceTest.testDeployShipsWithIncorrectShipType(GameServiceTest.java:139)
	at java.base/jdk.internal.reflect.NativeMethodAccessorImpl.invoke0(Native Method)
	at java.base/jdk.internal.reflect.NativeMethodAccessorImpl.invoke(NativeMethodAccessorImpl.java:62)
	at java.base/jdk.internal.reflect.DelegatingMethodAccessorImpl.invoke(DelegatingMethodAccessorImpl.java:43)
	at java.base/java.lang.reflect.Method.invoke(Method.java:566)
	at org.testng.internal.MethodInvocationHelper.invokeMethod(MethodInvocationHelper.java:132)
	at org.testng.internal.TestInvoker.invokeMethod(TestInvoker.java:599)
	at org.testng.internal.TestInvoker.invokeTestMethod(TestInvoker.java:174)
	at org.testng.internal.MethodRunner.runInSequence(MethodRunner.java:46)
	at org.testng.internal.TestInvoker$MethodInvocationAgent.invoke(TestInvoker.java:822)
	at org.testng.internal.TestInvoker.invokeTestMethods(TestInvoker.java:147)
	at org.testng.internal.TestMethodWorker.invokeTestMethods(TestMethodWorker.java:146)
	at org.testng.internal.TestMethodWorker.run(TestMethodWorker.java:128)
	at java.base/java.util.ArrayList.forEach(ArrayList.java:1541)
	at org.testng.TestRunner.privateRun(TestRunner.java:764)
	at org.testng.TestRunner.run(TestRunner.java:585)
	at org.testng.SuiteRunner.runTest(SuiteRunner.java:384)
	at org.testng.SuiteRunner.runSequentially(SuiteRunner.java:378)
	at org.testng.SuiteRunner.privateRun(SuiteRunner.java:337)
	at org.testng.SuiteRunner.run(SuiteRunner.java:286)
	at org.testng.SuiteRunnerWorker.runSuite(SuiteRunnerWorker.java:53)
	at org.testng.SuiteRunnerWorker.run(SuiteRunnerWorker.java:96)
	at org.testng.TestNG.runSuitesSequentially(TestNG.java:1218)
	at org.testng.TestNG.runSuitesLocally(TestNG.java:1140)
	at org.testng.TestNG.runSuites(TestNG.java:1069)
	at org.testng.TestNG.run(TestNG.java:1037)
	at org.apache.maven.surefire.testng.TestNGExecutor.run(TestNGExecutor.java:135)
	at org.apache.maven.surefire.testng.TestNGDirectoryTestSuite.executeMulti(TestNGDirectoryTestSuite.java:193)
	at org.apache.maven.surefire.testng.TestNGDirectoryTestSuite.execute(TestNGDirectoryTestSuite.java:94)
	at org.apache.maven.surefire.testng.TestNGProvider.invoke(TestNGProvider.java:146)
	at org.apache.maven.surefire.booter.ForkedBooter.invokeProviderInSameClassLoader(ForkedBooter.java:384)
	at org.apache.maven.surefire.booter.ForkedBooter.runSuitesInProcess(ForkedBooter.java:345)
	at org.apache.maven.surefire.booter.ForkedBooter.execute(ForkedBooter.java:126)
	at org.apache.maven.surefire.booter.ForkedBooter.main(ForkedBooter.java:418)
Caused by: java.lang.IllegalArgumentException: Missing ship factory configuration
	at com.interview.coding.battleshipservice.model.ship.ShipType.lambda$getByTypeName$1(ShipType.java:60)
	at java.base/java.util.Optional.orElseThrow(Optional.java:408)
	at com.interview.coding.battleshipservice.model.ship.ShipType.getByTypeName(ShipType.java:60)
	at com.interview.coding.battleshipservice.service.GameService.mapShipsDeployment(GameService.java:103)
	... 35 more
</pre></div></td>
<td>0</td>
<td>com.interview.coding.battleshipservice.service.GameServiceTest@6e171cd7</td></tr>
<tr>
<td title='com.interview.coding.battleshipservice.controller.GameControllerTest.testFire()'><b>testFire</b><br>Test class: com.interview.coding.battleshipservice.controller.GameControllerTest</td>
<td></td>
<td>0</td>
<td>com.interview.coding.battleshipservice.controller.GameControllerTest@40ef3420</td></tr>
<tr>
<td title='com.interview.coding.battleshipservice.service.GameServiceTest.testFireHit()'><b>testFireHit</b><br>Test class: com.interview.coding.battleshipservice.service.GameServiceTest</td>
<td></td>
<td>0</td>
<td>com.interview.coding.battleshipservice.service.GameServiceTest@6e171cd7</td></tr>
<tr>
<td title='com.interview.coding.battleshipservice.service.GameServiceTest.testFireMiss()'><b>testFireMiss</b><br>Test class: com.interview.coding.battleshipservice.service.GameServiceTest</td>
<td></td>
<td>0</td>
<td>com.interview.coding.battleshipservice.service.GameServiceTest@6e171cd7</td></tr>
<tr>
<td title='com.interview.coding.battleshipservice.service.GameServiceTest.testFireSunkAndGameWon()'><b>testFireSunkAndGameWon</b><br>Test class: com.interview.coding.battleshipservice.service.GameServiceTest</td>
<td></td>
<td>0</td>
<td>com.interview.coding.battleshipservice.service.GameServiceTest@6e171cd7</td></tr>
<tr>
<td title='com.interview.coding.battleshipservice.service.GameServiceTest.testFireWhenGameIsAlreadyFinished()'><b>testFireWhenGameIsAlreadyFinished</b><br>Test class: com.interview.coding.battleshipservice.service.GameServiceTest</td>
<td><div><pre>com.interview.coding.battleshipservice.exception.GameFinishedException: The winner is player2
	at com.interview.coding.battleshipservice.service.GameService.fire(GameService.java:119)
	at com.interview.coding.battleshipservice.service.GameServiceTest.testFireWhenGameIsAlreadyFinished(GameServiceTest.java:176)
	at java.base/java.util.ArrayList.forEach(ArrayList.java:1541)
... Removed 32 stack frames</pre></div><a href='#' onClick='toggleBox("stack-trace833474933", this, "Click to show all stack frames", "Click to hide stack frames")'>Click to show all stack frames</a>
<div class='stack-trace' id='stack-trace833474933'><pre>com.interview.coding.battleshipservice.exception.GameFinishedException: The winner is player2
	at com.interview.coding.battleshipservice.service.GameService.fire(GameService.java:119)
	at com.interview.coding.battleshipservice.service.GameServiceTest.testFireWhenGameIsAlreadyFinished(GameServiceTest.java:176)
	at java.base/jdk.internal.reflect.NativeMethodAccessorImpl.invoke0(Native Method)
	at java.base/jdk.internal.reflect.NativeMethodAccessorImpl.invoke(NativeMethodAccessorImpl.java:62)
	at java.base/jdk.internal.reflect.DelegatingMethodAccessorImpl.invoke(DelegatingMethodAccessorImpl.java:43)
	at java.base/java.lang.reflect.Method.invoke(Method.java:566)
	at org.testng.internal.MethodInvocationHelper.invokeMethod(MethodInvocationHelper.java:132)
	at org.testng.internal.TestInvoker.invokeMethod(TestInvoker.java:599)
	at org.testng.internal.TestInvoker.invokeTestMethod(TestInvoker.java:174)
	at org.testng.internal.MethodRunner.runInSequence(MethodRunner.java:46)
	at org.testng.internal.TestInvoker$MethodInvocationAgent.invoke(TestInvoker.java:822)
	at org.testng.internal.TestInvoker.invokeTestMethods(TestInvoker.java:147)
	at org.testng.internal.TestMethodWorker.invokeTestMethods(TestMethodWorker.java:146)
	at org.testng.internal.TestMethodWorker.run(TestMethodWorker.java:128)
	at java.base/java.util.ArrayList.forEach(ArrayList.java:1541)
	at org.testng.TestRunner.privateRun(TestRunner.java:764)
	at org.testng.TestRunner.run(TestRunner.java:585)
	at org.testng.SuiteRunner.runTest(SuiteRunner.java:384)
	at org.testng.SuiteRunner.runSequentially(SuiteRunner.java:378)
	at org.testng.SuiteRunner.privateRun(SuiteRunner.java:337)
	at org.testng.SuiteRunner.run(SuiteRunner.java:286)
	at org.testng.SuiteRunnerWorker.runSuite(SuiteRunnerWorker.java:53)
	at org.testng.SuiteRunnerWorker.run(SuiteRunnerWorker.java:96)
	at org.testng.TestNG.runSuitesSequentially(TestNG.java:1218)
	at org.testng.TestNG.runSuitesLocally(TestNG.java:1140)
	at org.testng.TestNG.runSuites(TestNG.java:1069)
	at org.testng.TestNG.run(TestNG.java:1037)
	at org.apache.maven.surefire.testng.TestNGExecutor.run(TestNGExecutor.java:135)
	at org.apache.maven.surefire.testng.TestNGDirectoryTestSuite.executeMulti(TestNGDirectoryTestSuite.java:193)
	at org.apache.maven.surefire.testng.TestNGDirectoryTestSuite.execute(TestNGDirectoryTestSuite.java:94)
	at org.apache.maven.surefire.testng.TestNGProvider.invoke(TestNGProvider.java:146)
	at org.apache.maven.surefire.booter.ForkedBooter.invokeProviderInSameClassLoader(ForkedBooter.java:384)
	at org.apache.maven.surefire.booter.ForkedBooter.runSuitesInProcess(ForkedBooter.java:345)
	at org.apache.maven.surefire.booter.ForkedBooter.execute(ForkedBooter.java:126)
	at org.apache.maven.surefire.booter.ForkedBooter.main(ForkedBooter.java:418)
</pre></div></td>
<td>0</td>
<td>com.interview.coding.battleshipservice.service.GameServiceTest@6e171cd7</td></tr>
<tr>
<td title='com.interview.coding.battleshipservice.service.GameServiceTest.testFireWhenIsNotPlayerTurn()'><b>testFireWhenIsNotPlayerTurn</b><br>Test class: com.interview.coding.battleshipservice.service.GameServiceTest</td>
<td><div><pre>com.interview.coding.battleshipservice.exception.NotYourTurnException: player1 is not your turn
	at com.interview.coding.battleshipservice.service.GameService.fire(GameService.java:131)
	at com.interview.coding.battleshipservice.service.GameServiceTest.testFireWhenIsNotPlayerTurn(GameServiceTest.java:203)
	at java.base/java.util.ArrayList.forEach(ArrayList.java:1541)
... Removed 32 stack frames</pre></div><a href='#' onClick='toggleBox("stack-trace1062714541", this, "Click to show all stack frames", "Click to hide stack frames")'>Click to show all stack frames</a>
<div class='stack-trace' id='stack-trace1062714541'><pre>com.interview.coding.battleshipservice.exception.NotYourTurnException: player1 is not your turn
	at com.interview.coding.battleshipservice.service.GameService.fire(GameService.java:131)
	at com.interview.coding.battleshipservice.service.GameServiceTest.testFireWhenIsNotPlayerTurn(GameServiceTest.java:203)
	at java.base/jdk.internal.reflect.NativeMethodAccessorImpl.invoke0(Native Method)
	at java.base/jdk.internal.reflect.NativeMethodAccessorImpl.invoke(NativeMethodAccessorImpl.java:62)
	at java.base/jdk.internal.reflect.DelegatingMethodAccessorImpl.invoke(DelegatingMethodAccessorImpl.java:43)
	at java.base/java.lang.reflect.Method.invoke(Method.java:566)
	at org.testng.internal.MethodInvocationHelper.invokeMethod(MethodInvocationHelper.java:132)
	at org.testng.internal.TestInvoker.invokeMethod(TestInvoker.java:599)
	at org.testng.internal.TestInvoker.invokeTestMethod(TestInvoker.java:174)
	at org.testng.internal.MethodRunner.runInSequence(MethodRunner.java:46)
	at org.testng.internal.TestInvoker$MethodInvocationAgent.invoke(TestInvoker.java:822)
	at org.testng.internal.TestInvoker.invokeTestMethods(TestInvoker.java:147)
	at org.testng.internal.TestMethodWorker.invokeTestMethods(TestMethodWorker.java:146)
	at org.testng.internal.TestMethodWorker.run(TestMethodWorker.java:128)
	at java.base/java.util.ArrayList.forEach(ArrayList.java:1541)
	at org.testng.TestRunner.privateRun(TestRunner.java:764)
	at org.testng.TestRunner.run(TestRunner.java:585)
	at org.testng.SuiteRunner.runTest(SuiteRunner.java:384)
	at org.testng.SuiteRunner.runSequentially(SuiteRunner.java:378)
	at org.testng.SuiteRunner.privateRun(SuiteRunner.java:337)
	at org.testng.SuiteRunner.run(SuiteRunner.java:286)
	at org.testng.SuiteRunnerWorker.runSuite(SuiteRunnerWorker.java:53)
	at org.testng.SuiteRunnerWorker.run(SuiteRunnerWorker.java:96)
	at org.testng.TestNG.runSuitesSequentially(TestNG.java:1218)
	at org.testng.TestNG.runSuitesLocally(TestNG.java:1140)
	at org.testng.TestNG.runSuites(TestNG.java:1069)
	at org.testng.TestNG.run(TestNG.java:1037)
	at org.apache.maven.surefire.testng.TestNGExecutor.run(TestNGExecutor.java:135)
	at org.apache.maven.surefire.testng.TestNGDirectoryTestSuite.executeMulti(TestNGDirectoryTestSuite.java:193)
	at org.apache.maven.surefire.testng.TestNGDirectoryTestSuite.execute(TestNGDirectoryTestSuite.java:94)
	at org.apache.maven.surefire.testng.TestNGProvider.invoke(TestNGProvider.java:146)
	at org.apache.maven.surefire.booter.ForkedBooter.invokeProviderInSameClassLoader(ForkedBooter.java:384)
	at org.apache.maven.surefire.booter.ForkedBooter.runSuitesInProcess(ForkedBooter.java:345)
	at org.apache.maven.surefire.booter.ForkedBooter.execute(ForkedBooter.java:126)
	at org.apache.maven.surefire.booter.ForkedBooter.main(ForkedBooter.java:418)
</pre></div></td>
<td>0</td>
<td>com.interview.coding.battleshipservice.service.GameServiceTest@6e171cd7</td></tr>
<tr>
<td title='com.interview.coding.battleshipservice.service.GameServiceTest.testFireWhenIsNotPlayerTurnAndNeedToPingTheComputer()'><b>testFireWhenIsNotPlayerTurnAndNeedToPingTheComputer</b><br>Test class: com.interview.coding.battleshipservice.service.GameServiceTest</td>
<td><div><pre>com.interview.coding.battleshipservice.exception.NotYourTurnException: player1 is not your turn
	at com.interview.coding.battleshipservice.service.GameService.fire(GameService.java:131)
	at com.interview.coding.battleshipservice.service.GameServiceTest.testFireWhenIsNotPlayerTurnAndNeedToPingTheComputer(GameServiceTest.java:219)
	at java.base/java.util.ArrayList.forEach(ArrayList.java:1541)
... Removed 32 stack frames</pre></div><a href='#' onClick='toggleBox("stack-trace1513867245", this, "Click to show all stack frames", "Click to hide stack frames")'>Click to show all stack frames</a>
<div class='stack-trace' id='stack-trace1513867245'><pre>com.interview.coding.battleshipservice.exception.NotYourTurnException: player1 is not your turn
	at com.interview.coding.battleshipservice.service.GameService.fire(GameService.java:131)
	at com.interview.coding.battleshipservice.service.GameServiceTest.testFireWhenIsNotPlayerTurnAndNeedToPingTheComputer(GameServiceTest.java:219)
	at java.base/jdk.internal.reflect.NativeMethodAccessorImpl.invoke0(Native Method)
	at java.base/jdk.internal.reflect.NativeMethodAccessorImpl.invoke(NativeMethodAccessorImpl.java:62)
	at java.base/jdk.internal.reflect.DelegatingMethodAccessorImpl.invoke(DelegatingMethodAccessorImpl.java:43)
	at java.base/java.lang.reflect.Method.invoke(Method.java:566)
	at org.testng.internal.MethodInvocationHelper.invokeMethod(MethodInvocationHelper.java:132)
	at org.testng.internal.TestInvoker.invokeMethod(TestInvoker.java:599)
	at org.testng.internal.TestInvoker.invokeTestMethod(TestInvoker.java:174)
	at org.testng.internal.MethodRunner.runInSequence(MethodRunner.java:46)
	at org.testng.internal.TestInvoker$MethodInvocationAgent.invoke(TestInvoker.java:822)
	at org.testng.internal.TestInvoker.invokeTestMethods(TestInvoker.java:147)
	at org.testng.internal.TestMethodWorker.invokeTestMethods(TestMethodWorker.java:146)
	at org.testng.internal.TestMethodWorker.run(TestMethodWorker.java:128)
	at java.base/java.util.ArrayList.forEach(ArrayList.java:1541)
	at org.testng.TestRunner.privateRun(TestRunner.java:764)
	at org.testng.TestRunner.run(TestRunner.java:585)
	at org.testng.SuiteRunner.runTest(SuiteRunner.java:384)
	at org.testng.SuiteRunner.runSequentially(SuiteRunner.java:378)
	at org.testng.SuiteRunner.privateRun(SuiteRunner.java:337)
	at org.testng.SuiteRunner.run(SuiteRunner.java:286)
	at org.testng.SuiteRunnerWorker.runSuite(SuiteRunnerWorker.java:53)
	at org.testng.SuiteRunnerWorker.run(SuiteRunnerWorker.java:96)
	at org.testng.TestNG.runSuitesSequentially(TestNG.java:1218)
	at org.testng.TestNG.runSuitesLocally(TestNG.java:1140)
	at org.testng.TestNG.runSuites(TestNG.java:1069)
	at org.testng.TestNG.run(TestNG.java:1037)
	at org.apache.maven.surefire.testng.TestNGExecutor.run(TestNGExecutor.java:135)
	at org.apache.maven.surefire.testng.TestNGDirectoryTestSuite.executeMulti(TestNGDirectoryTestSuite.java:193)
	at org.apache.maven.surefire.testng.TestNGDirectoryTestSuite.execute(TestNGDirectoryTestSuite.java:94)
	at org.apache.maven.surefire.testng.TestNGProvider.invoke(TestNGProvider.java:146)
	at org.apache.maven.surefire.booter.ForkedBooter.invokeProviderInSameClassLoader(ForkedBooter.java:384)
	at org.apache.maven.surefire.booter.ForkedBooter.runSuitesInProcess(ForkedBooter.java:345)
	at org.apache.maven.surefire.booter.ForkedBooter.execute(ForkedBooter.java:126)
	at org.apache.maven.surefire.booter.ForkedBooter.main(ForkedBooter.java:418)
</pre></div></td>
<td>0</td>
<td>com.interview.coding.battleshipservice.service.GameServiceTest@6e171cd7</td></tr>
<tr>
<td title='com.interview.coding.battleshipservice.service.GameServiceTest.testFireWhenPlayersNotReady()'><b>testFireWhenPlayersNotReady</b><br>Test class: com.interview.coding.battleshipservice.service.GameServiceTest</td>
<td><div><pre>com.interview.coding.battleshipservice.exception.GameStartException: Players not ready
	at com.interview.coding.battleshipservice.service.GameService.fire(GameService.java:123)
	at com.interview.coding.battleshipservice.service.GameServiceTest.testFireWhenPlayersNotReady(GameServiceTest.java:189)
	at java.base/java.util.ArrayList.forEach(ArrayList.java:1541)
... Removed 32 stack frames</pre></div><a href='#' onClick='toggleBox("stack-trace1593165620", this, "Click to show all stack frames", "Click to hide stack frames")'>Click to show all stack frames</a>
<div class='stack-trace' id='stack-trace1593165620'><pre>com.interview.coding.battleshipservice.exception.GameStartException: Players not ready
	at com.interview.coding.battleshipservice.service.GameService.fire(GameService.java:123)
	at com.interview.coding.battleshipservice.service.GameServiceTest.testFireWhenPlayersNotReady(GameServiceTest.java:189)
	at java.base/jdk.internal.reflect.NativeMethodAccessorImpl.invoke0(Native Method)
	at java.base/jdk.internal.reflect.NativeMethodAccessorImpl.invoke(NativeMethodAccessorImpl.java:62)
	at java.base/jdk.internal.reflect.DelegatingMethodAccessorImpl.invoke(DelegatingMethodAccessorImpl.java:43)
	at java.base/java.lang.reflect.Method.invoke(Method.java:566)
	at org.testng.internal.MethodInvocationHelper.invokeMethod(MethodInvocationHelper.java:132)
	at org.testng.internal.TestInvoker.invokeMethod(TestInvoker.java:599)
	at org.testng.internal.TestInvoker.invokeTestMethod(TestInvoker.java:174)
	at org.testng.internal.MethodRunner.runInSequence(MethodRunner.java:46)
	at org.testng.internal.TestInvoker$MethodInvocationAgent.invoke(TestInvoker.java:822)
	at org.testng.internal.TestInvoker.invokeTestMethods(TestInvoker.java:147)
	at org.testng.internal.TestMethodWorker.invokeTestMethods(TestMethodWorker.java:146)
	at org.testng.internal.TestMethodWorker.run(TestMethodWorker.java:128)
	at java.base/java.util.ArrayList.forEach(ArrayList.java:1541)
	at org.testng.TestRunner.privateRun(TestRunner.java:764)
	at org.testng.TestRunner.run(TestRunner.java:585)
	at org.testng.SuiteRunner.runTest(SuiteRunner.java:384)
	at org.testng.SuiteRunner.runSequentially(SuiteRunner.java:378)
	at org.testng.SuiteRunner.privateRun(SuiteRunner.java:337)
	at org.testng.SuiteRunner.run(SuiteRunner.java:286)
	at org.testng.SuiteRunnerWorker.runSuite(SuiteRunnerWorker.java:53)
	at org.testng.SuiteRunnerWorker.run(SuiteRunnerWorker.java:96)
	at org.testng.TestNG.runSuitesSequentially(TestNG.java:1218)
	at org.testng.TestNG.runSuitesLocally(TestNG.java:1140)
	at org.testng.TestNG.runSuites(TestNG.java:1069)
	at org.testng.TestNG.run(TestNG.java:1037)
	at org.apache.maven.surefire.testng.TestNGExecutor.run(TestNGExecutor.java:135)
	at org.apache.maven.surefire.testng.TestNGDirectoryTestSuite.executeMulti(TestNGDirectoryTestSuite.java:193)
	at org.apache.maven.surefire.testng.TestNGDirectoryTestSuite.execute(TestNGDirectoryTestSuite.java:94)
	at org.apache.maven.surefire.testng.TestNGProvider.invoke(TestNGProvider.java:146)
	at org.apache.maven.surefire.booter.ForkedBooter.invokeProviderInSameClassLoader(ForkedBooter.java:384)
	at org.apache.maven.surefire.booter.ForkedBooter.runSuitesInProcess(ForkedBooter.java:345)
	at org.apache.maven.surefire.booter.ForkedBooter.execute(ForkedBooter.java:126)
	at org.apache.maven.surefire.booter.ForkedBooter.main(ForkedBooter.java:418)
</pre></div></td>
<td>0</td>
<td>com.interview.coding.battleshipservice.service.GameServiceTest@6e171cd7</td></tr>
<tr>
<td title='com.interview.coding.battleshipservice.service.KafkaProducerServiceTest.testGameCreatedEvent()'><b>testGameCreatedEvent</b><br>Test class: com.interview.coding.battleshipservice.service.KafkaProducerServiceTest</td>
<td></td>
<td>0</td>
<td>com.interview.coding.battleshipservice.service.KafkaProducerServiceTest@498d318c</td></tr>
<tr>
<td title='com.interview.coding.battleshipservice.service.KafkaProducerServiceTest.testGameCreatedEventException()'><b>testGameCreatedEventException</b><br>Test class: com.interview.coding.battleshipservice.service.KafkaProducerServiceTest</td>
<td><div><pre>com.interview.coding.battleshipservice.exception.KafkaProducerException: javax.resource.ResourceException: not connected
	at com.interview.coding.battleshipservice.service.KafkaProducerService.publish(KafkaProducerService.java:22)
	at com.interview.coding.battleshipservice.service.KafkaProducerServiceTest.testGameCreatedEventException(KafkaProducerServiceTest.java:60)
	at java.base/java.util.ArrayList.forEach(ArrayList.java:1541)
Caused by: javax.resource.ResourceException: not connected
	at com.interview.coding.battleshipservice.service.KafkaProducerService.publish(KafkaProducerService.java:19)
	... 34 more
... Removed 32 stack frames</pre></div><a href='#' onClick='toggleBox("stack-trace1789268516", this, "Click to show all stack frames", "Click to hide stack frames")'>Click to show all stack frames</a>
<div class='stack-trace' id='stack-trace1789268516'><pre>com.interview.coding.battleshipservice.exception.KafkaProducerException: javax.resource.ResourceException: not connected
	at com.interview.coding.battleshipservice.service.KafkaProducerService.publish(KafkaProducerService.java:22)
	at com.interview.coding.battleshipservice.service.KafkaProducerServiceTest.testGameCreatedEventException(KafkaProducerServiceTest.java:60)
	at java.base/jdk.internal.reflect.NativeMethodAccessorImpl.invoke0(Native Method)
	at java.base/jdk.internal.reflect.NativeMethodAccessorImpl.invoke(NativeMethodAccessorImpl.java:62)
	at java.base/jdk.internal.reflect.DelegatingMethodAccessorImpl.invoke(DelegatingMethodAccessorImpl.java:43)
	at java.base/java.lang.reflect.Method.invoke(Method.java:566)
	at org.testng.internal.MethodInvocationHelper.invokeMethod(MethodInvocationHelper.java:132)
	at org.testng.internal.TestInvoker.invokeMethod(TestInvoker.java:599)
	at org.testng.internal.TestInvoker.invokeTestMethod(TestInvoker.java:174)
	at org.testng.internal.MethodRunner.runInSequence(MethodRunner.java:46)
	at org.testng.internal.TestInvoker$MethodInvocationAgent.invoke(TestInvoker.java:822)
	at org.testng.internal.TestInvoker.invokeTestMethods(TestInvoker.java:147)
	at org.testng.internal.TestMethodWorker.invokeTestMethods(TestMethodWorker.java:146)
	at org.testng.internal.TestMethodWorker.run(TestMethodWorker.java:128)
	at java.base/java.util.ArrayList.forEach(ArrayList.java:1541)
	at org.testng.TestRunner.privateRun(TestRunner.java:764)
	at org.testng.TestRunner.run(TestRunner.java:585)
	at org.testng.SuiteRunner.runTest(SuiteRunner.java:384)
	at org.testng.SuiteRunner.runSequentially(SuiteRunner.java:378)
	at org.testng.SuiteRunner.privateRun(SuiteRunner.java:337)
	at org.testng.SuiteRunner.run(SuiteRunner.java:286)
	at org.testng.SuiteRunnerWorker.runSuite(SuiteRunnerWorker.java:53)
	at org.testng.SuiteRunnerWorker.run(SuiteRunnerWorker.java:96)
	at org.testng.TestNG.runSuitesSequentially(TestNG.java:1218)
	at org.testng.TestNG.runSuitesLocally(TestNG.java:1140)
	at org.testng.TestNG.runSuites(TestNG.java:1069)
	at org.testng.TestNG.run(TestNG.java:1037)
	at org.apache.maven.surefire.testng.TestNGExecutor.run(TestNGExecutor.java:135)
	at org.apache.maven.surefire.testng.TestNGDirectoryTestSuite.executeMulti(TestNGDirectoryTestSuite.java:193)
	at org.apache.maven.surefire.testng.TestNGDirectoryTestSuite.execute(TestNGDirectoryTestSuite.java:94)
	at org.apache.maven.surefire.testng.TestNGProvider.invoke(TestNGProvider.java:146)
	at org.apache.maven.surefire.booter.ForkedBooter.invokeProviderInSameClassLoader(ForkedBooter.java:384)
	at org.apache.maven.surefire.booter.ForkedBooter.runSuitesInProcess(ForkedBooter.java:345)
	at org.apache.maven.surefire.booter.ForkedBooter.execute(ForkedBooter.java:126)
	at org.apache.maven.surefire.booter.ForkedBooter.main(ForkedBooter.java:418)
Caused by: javax.resource.ResourceException: not connected
	at com.interview.coding.battleshipservice.service.KafkaProducerService.publish(KafkaProducerService.java:19)
	... 34 more
</pre></div></td>
<td>0</td>
<td>com.interview.coding.battleshipservice.service.KafkaProducerServiceTest@498d318c</td></tr>
<tr>
<td title='com.interview.coding.battleshipservice.service.KafkaProducerServiceTest.testGameFireEvent()'><b>testGameFireEvent</b><br>Test class: com.interview.coding.battleshipservice.service.KafkaProducerServiceTest</td>
<td></td>
<td>0</td>
<td>com.interview.coding.battleshipservice.service.KafkaProducerServiceTest@498d318c</td></tr>
<tr>
<td title='com.interview.coding.battleshipservice.service.KafkaProducerServiceTest.testGameFireEventException()'><b>testGameFireEventException</b><br>Test class: com.interview.coding.battleshipservice.service.KafkaProducerServiceTest</td>
<td><div><pre>com.interview.coding.battleshipservice.exception.KafkaProducerException: javax.resource.ResourceException: not connected
	at com.interview.coding.battleshipservice.service.KafkaProducerService.publish(KafkaProducerService.java:30)
	at com.interview.coding.battleshipservice.service.KafkaProducerServiceTest.testGameFireEventException(KafkaProducerServiceTest.java:67)
	at java.base/java.util.ArrayList.forEach(ArrayList.java:1541)
Caused by: javax.resource.ResourceException: not connected
	at com.interview.coding.battleshipservice.service.KafkaProducerService.publish(KafkaProducerService.java:27)
	... 34 more
... Removed 32 stack frames</pre></div><a href='#' onClick='toggleBox("stack-trace1935122449", this, "Click to show all stack frames", "Click to hide stack frames")'>Click to show all stack frames</a>
<div class='stack-trace' id='stack-trace1935122449'><pre>com.interview.coding.battleshipservice.exception.KafkaProducerException: javax.resource.ResourceException: not connected
	at com.interview.coding.battleshipservice.service.KafkaProducerService.publish(KafkaProducerService.java:30)
	at com.interview.coding.battleshipservice.service.KafkaProducerServiceTest.testGameFireEventException(KafkaProducerServiceTest.java:67)
	at java.base/jdk.internal.reflect.NativeMethodAccessorImpl.invoke0(Native Method)
	at java.base/jdk.internal.reflect.NativeMethodAccessorImpl.invoke(NativeMethodAccessorImpl.java:62)
	at java.base/jdk.internal.reflect.DelegatingMethodAccessorImpl.invoke(DelegatingMethodAccessorImpl.java:43)
	at java.base/java.lang.reflect.Method.invoke(Method.java:566)
	at org.testng.internal.MethodInvocationHelper.invokeMethod(MethodInvocationHelper.java:132)
	at org.testng.internal.TestInvoker.invokeMethod(TestInvoker.java:599)
	at org.testng.internal.TestInvoker.invokeTestMethod(TestInvoker.java:174)
	at org.testng.internal.MethodRunner.runInSequence(MethodRunner.java:46)
	at org.testng.internal.TestInvoker$MethodInvocationAgent.invoke(TestInvoker.java:822)
	at org.testng.internal.TestInvoker.invokeTestMethods(TestInvoker.java:147)
	at org.testng.internal.TestMethodWorker.invokeTestMethods(TestMethodWorker.java:146)
	at org.testng.internal.TestMethodWorker.run(TestMethodWorker.java:128)
	at java.base/java.util.ArrayList.forEach(ArrayList.java:1541)
	at org.testng.TestRunner.privateRun(TestRunner.java:764)
	at org.testng.TestRunner.run(TestRunner.java:585)
	at org.testng.SuiteRunner.runTest(SuiteRunner.java:384)
	at org.testng.SuiteRunner.runSequentially(SuiteRunner.java:378)
	at org.testng.SuiteRunner.privateRun(SuiteRunner.java:337)
	at org.testng.SuiteRunner.run(SuiteRunner.java:286)
	at org.testng.SuiteRunnerWorker.runSuite(SuiteRunnerWorker.java:53)
	at org.testng.SuiteRunnerWorker.run(SuiteRunnerWorker.java:96)
	at org.testng.TestNG.runSuitesSequentially(TestNG.java:1218)
	at org.testng.TestNG.runSuitesLocally(TestNG.java:1140)
	at org.testng.TestNG.runSuites(TestNG.java:1069)
	at org.testng.TestNG.run(TestNG.java:1037)
	at org.apache.maven.surefire.testng.TestNGExecutor.run(TestNGExecutor.java:135)
	at org.apache.maven.surefire.testng.TestNGDirectoryTestSuite.executeMulti(TestNGDirectoryTestSuite.java:193)
	at org.apache.maven.surefire.testng.TestNGDirectoryTestSuite.execute(TestNGDirectoryTestSuite.java:94)
	at org.apache.maven.surefire.testng.TestNGProvider.invoke(TestNGProvider.java:146)
	at org.apache.maven.surefire.booter.ForkedBooter.invokeProviderInSameClassLoader(ForkedBooter.java:384)
	at org.apache.maven.surefire.booter.ForkedBooter.runSuitesInProcess(ForkedBooter.java:345)
	at org.apache.maven.surefire.booter.ForkedBooter.execute(ForkedBooter.java:126)
	at org.apache.maven.surefire.booter.ForkedBooter.main(ForkedBooter.java:418)
Caused by: javax.resource.ResourceException: not connected
	at com.interview.coding.battleshipservice.service.KafkaProducerService.publish(KafkaProducerService.java:27)
	... 34 more
</pre></div></td>
<td>0</td>
<td>com.interview.coding.battleshipservice.service.KafkaProducerServiceTest@498d318c</td></tr>
<tr>
<td title='com.interview.coding.battleshipservice.repository.GameRepositoryImplTest.testGetGame()'><b>testGetGame</b><br>Test class: com.interview.coding.battleshipservice.repository.GameRepositoryImplTest</td>
<td></td>
<td>0</td>
<td>com.interview.coding.battleshipservice.repository.GameRepositoryImplTest@43195e57</td></tr>
<tr>
<td title='com.interview.coding.battleshipservice.service.GameServiceTest.testJoinFullGame()'><b>testJoinFullGame</b><br>Test class: com.interview.coding.battleshipservice.service.GameServiceTest</td>
<td><div><pre>com.interview.coding.battleshipservice.exception.GameJoinException: Another player is already playing this game
	at com.interview.coding.battleshipservice.service.GameService.joinGame(GameService.java:74)
	at com.interview.coding.battleshipservice.service.GameServiceTest.testJoinFullGame(GameServiceTest.java:112)
	at java.base/java.util.ArrayList.forEach(ArrayList.java:1541)
... Removed 32 stack frames</pre></div><a href='#' onClick='toggleBox("stack-trace1186339926", this, "Click to show all stack frames", "Click to hide stack frames")'>Click to show all stack frames</a>
<div class='stack-trace' id='stack-trace1186339926'><pre>com.interview.coding.battleshipservice.exception.GameJoinException: Another player is already playing this game
	at com.interview.coding.battleshipservice.service.GameService.joinGame(GameService.java:74)
	at com.interview.coding.battleshipservice.service.GameServiceTest.testJoinFullGame(GameServiceTest.java:112)
	at java.base/jdk.internal.reflect.NativeMethodAccessorImpl.invoke0(Native Method)
	at java.base/jdk.internal.reflect.NativeMethodAccessorImpl.invoke(NativeMethodAccessorImpl.java:62)
	at java.base/jdk.internal.reflect.DelegatingMethodAccessorImpl.invoke(DelegatingMethodAccessorImpl.java:43)
	at java.base/java.lang.reflect.Method.invoke(Method.java:566)
	at org.testng.internal.MethodInvocationHelper.invokeMethod(MethodInvocationHelper.java:132)
	at org.testng.internal.TestInvoker.invokeMethod(TestInvoker.java:599)
	at org.testng.internal.TestInvoker.invokeTestMethod(TestInvoker.java:174)
	at org.testng.internal.MethodRunner.runInSequence(MethodRunner.java:46)
	at org.testng.internal.TestInvoker$MethodInvocationAgent.invoke(TestInvoker.java:822)
	at org.testng.internal.TestInvoker.invokeTestMethods(TestInvoker.java:147)
	at org.testng.internal.TestMethodWorker.invokeTestMethods(TestMethodWorker.java:146)
	at org.testng.internal.TestMethodWorker.run(TestMethodWorker.java:128)
	at java.base/java.util.ArrayList.forEach(ArrayList.java:1541)
	at org.testng.TestRunner.privateRun(TestRunner.java:764)
	at org.testng.TestRunner.run(TestRunner.java:585)
	at org.testng.SuiteRunner.runTest(SuiteRunner.java:384)
	at org.testng.SuiteRunner.runSequentially(SuiteRunner.java:378)
	at org.testng.SuiteRunner.privateRun(SuiteRunner.java:337)
	at org.testng.SuiteRunner.run(SuiteRunner.java:286)
	at org.testng.SuiteRunnerWorker.runSuite(SuiteRunnerWorker.java:53)
	at org.testng.SuiteRunnerWorker.run(SuiteRunnerWorker.java:96)
	at org.testng.TestNG.runSuitesSequentially(TestNG.java:1218)
	at org.testng.TestNG.runSuitesLocally(TestNG.java:1140)
	at org.testng.TestNG.runSuites(TestNG.java:1069)
	at org.testng.TestNG.run(TestNG.java:1037)
	at org.apache.maven.surefire.testng.TestNGExecutor.run(TestNGExecutor.java:135)
	at org.apache.maven.surefire.testng.TestNGDirectoryTestSuite.executeMulti(TestNGDirectoryTestSuite.java:193)
	at org.apache.maven.surefire.testng.TestNGDirectoryTestSuite.execute(TestNGDirectoryTestSuite.java:94)
	at org.apache.maven.surefire.testng.TestNGProvider.invoke(TestNGProvider.java:146)
	at org.apache.maven.surefire.booter.ForkedBooter.invokeProviderInSameClassLoader(ForkedBooter.java:384)
	at org.apache.maven.surefire.booter.ForkedBooter.runSuitesInProcess(ForkedBooter.java:345)
	at org.apache.maven.surefire.booter.ForkedBooter.execute(ForkedBooter.java:126)
	at org.apache.maven.surefire.booter.ForkedBooter.main(ForkedBooter.java:418)
</pre></div></td>
<td>0</td>
<td>com.interview.coding.battleshipservice.service.GameServiceTest@6e171cd7</td></tr>
<tr>
<td title='com.interview.coding.battleshipservice.controller.GameControllerTest.testJoinGame()'><b>testJoinGame</b><br>Test class: com.interview.coding.battleshipservice.controller.GameControllerTest</td>
<td></td>
<td>0</td>
<td>com.interview.coding.battleshipservice.controller.GameControllerTest@40ef3420</td></tr>
<tr>
<td title='com.interview.coding.battleshipservice.service.GameServiceTest.testJoinGame()'><b>testJoinGame</b><br>Test class: com.interview.coding.battleshipservice.service.GameServiceTest</td>
<td></td>
<td>0</td>
<td>com.interview.coding.battleshipservice.service.GameServiceTest@6e171cd7</td></tr>
<tr>
<td title='com.interview.coding.battleshipservice.repository.GameRepositoryImplTest.testNewGame()'><b>testNewGame</b><br>Test class: com.interview.coding.battleshipservice.repository.GameRepositoryImplTest</td>
<td></td>
<td>0</td>
<td>com.interview.coding.battleshipservice.repository.GameRepositoryImplTest@43195e57</td></tr>
<tr>
<td title='com.interview.coding.battleshipservice.controller.GameControllerTest.testNewGame()'><b>testNewGame</b><br>Test class: com.interview.coding.battleshipservice.controller.GameControllerTest</td>
<td></td>
<td>0</td>
<td>com.interview.coding.battleshipservice.controller.GameControllerTest@40ef3420</td></tr>
<tr>
<td title='com.interview.coding.battleshipservice.service.GameServiceTest.testNewGameVsComputer()'><b>testNewGameVsComputer</b><br>Test class: com.interview.coding.battleshipservice.service.GameServiceTest</td>
<td></td>
<td>0</td>
<td>com.interview.coding.battleshipservice.service.GameServiceTest@6e171cd7</td></tr>
<tr>
<td title='com.interview.coding.battleshipservice.service.GameServiceTest.testNewGameVsHumanPlayer()'><b>testNewGameVsHumanPlayer</b><br>Test class: com.interview.coding.battleshipservice.service.GameServiceTest</td>
<td></td>
<td>0</td>
<td>com.interview.coding.battleshipservice.service.GameServiceTest@6e171cd7</td></tr>
<tr>
<td title='com.interview.coding.battleshipservice.controller.EngineeringControllerTest.testPing()'><b>testPing</b><br>Test class: com.interview.coding.battleshipservice.controller.EngineeringControllerTest</td>
<td></td>
<td>0</td>
<td>com.interview.coding.battleshipservice.controller.EngineeringControllerTest@479d31f3</td></tr>
<tr>
<td title='com.interview.coding.battleshipservice.repository.GameRepositoryImplTest.testSaveGame()'><b>testSaveGame</b><br>Test class: com.interview.coding.battleshipservice.repository.GameRepositoryImplTest</td>
<td></td>
<td>0</td>
<td>com.interview.coding.battleshipservice.repository.GameRepositoryImplTest@43195e57</td></tr>
<tr>
<td title='com.interview.coding.battleshipservice.service.FieldServiceTest.testShipSunkNoHit()'><b>testShipSunkNoHit</b><br>Test class: com.interview.coding.battleshipservice.service.FieldServiceTest</td>
<td></td>
<td>0</td>
<td>com.interview.coding.battleshipservice.service.FieldServiceTest@795cd85e</td></tr>
<tr>
<td title='com.interview.coding.battleshipservice.service.FieldServiceTest.testShipSunkPartialHit()'><b>testShipSunkPartialHit</b><br>Test class: com.interview.coding.battleshipservice.service.FieldServiceTest</td>
<td></td>
<td>0</td>
<td>com.interview.coding.battleshipservice.service.FieldServiceTest@795cd85e</td></tr>
<tr>
<td title='com.interview.coding.battleshipservice.repository.GameRepositoryImplTest.testUpdateGame()'><b>testUpdateGame</b><br>Test class: com.interview.coding.battleshipservice.repository.GameRepositoryImplTest</td>
<td></td>
<td>0</td>
<td>com.interview.coding.battleshipservice.repository.GameRepositoryImplTest@43195e57</td></tr>
<tr>
<td title='com.interview.coding.battleshipservice.util.ShipDeploymentValidatorTest.testValidateWithDuplicatedShipType()'><b>testValidateWithDuplicatedShipType</b><br>Test class: com.interview.coding.battleshipservice.util.ShipDeploymentValidatorTest</td>
<td><div><pre>com.interview.coding.battleshipservice.exception.ShipDeploymentException: Ship Destroyer with coordinates [A1, B1] is not deployed correctly on the field
	at com.interview.coding.battleshipservice.util.ShipDeploymentValidator.duplicatedDeployment(ShipDeploymentValidator.java:35)
	at com.interview.coding.battleshipservice.util.ShipDeploymentValidator.validate(ShipDeploymentValidator.java:21)
	at com.interview.coding.battleshipservice.util.ShipDeploymentValidatorTest.testValidateWithDuplicatedShipType(ShipDeploymentValidatorTest.java:30)
	at java.base/java.util.ArrayList.forEach(ArrayList.java:1541)
... Removed 32 stack frames</pre></div><a href='#' onClick='toggleBox("stack-trace313239742", this, "Click to show all stack frames", "Click to hide stack frames")'>Click to show all stack frames</a>
<div class='stack-trace' id='stack-trace313239742'><pre>com.interview.coding.battleshipservice.exception.ShipDeploymentException: Ship Destroyer with coordinates [A1, B1] is not deployed correctly on the field
	at com.interview.coding.battleshipservice.util.ShipDeploymentValidator.duplicatedDeployment(ShipDeploymentValidator.java:35)
	at com.interview.coding.battleshipservice.util.ShipDeploymentValidator.validate(ShipDeploymentValidator.java:21)
	at com.interview.coding.battleshipservice.util.ShipDeploymentValidatorTest.testValidateWithDuplicatedShipType(ShipDeploymentValidatorTest.java:30)
	at java.base/jdk.internal.reflect.NativeMethodAccessorImpl.invoke0(Native Method)
	at java.base/jdk.internal.reflect.NativeMethodAccessorImpl.invoke(NativeMethodAccessorImpl.java:62)
	at java.base/jdk.internal.reflect.DelegatingMethodAccessorImpl.invoke(DelegatingMethodAccessorImpl.java:43)
	at java.base/java.lang.reflect.Method.invoke(Method.java:566)
	at org.testng.internal.MethodInvocationHelper.invokeMethod(MethodInvocationHelper.java:132)
	at org.testng.internal.TestInvoker.invokeMethod(TestInvoker.java:599)
	at org.testng.internal.TestInvoker.invokeTestMethod(TestInvoker.java:174)
	at org.testng.internal.MethodRunner.runInSequence(MethodRunner.java:46)
	at org.testng.internal.TestInvoker$MethodInvocationAgent.invoke(TestInvoker.java:822)
	at org.testng.internal.TestInvoker.invokeTestMethods(TestInvoker.java:147)
	at org.testng.internal.TestMethodWorker.invokeTestMethods(TestMethodWorker.java:146)
	at org.testng.internal.TestMethodWorker.run(TestMethodWorker.java:128)
	at java.base/java.util.ArrayList.forEach(ArrayList.java:1541)
	at org.testng.TestRunner.privateRun(TestRunner.java:764)
	at org.testng.TestRunner.run(TestRunner.java:585)
	at org.testng.SuiteRunner.runTest(SuiteRunner.java:384)
	at org.testng.SuiteRunner.runSequentially(SuiteRunner.java:378)
	at org.testng.SuiteRunner.privateRun(SuiteRunner.java:337)
	at org.testng.SuiteRunner.run(SuiteRunner.java:286)
	at org.testng.SuiteRunnerWorker.runSuite(SuiteRunnerWorker.java:53)
	at org.testng.SuiteRunnerWorker.run(SuiteRunnerWorker.java:96)
	at org.testng.TestNG.runSuitesSequentially(TestNG.java:1218)
	at org.testng.TestNG.runSuitesLocally(TestNG.java:1140)
	at org.testng.TestNG.runSuites(TestNG.java:1069)
	at org.testng.TestNG.run(TestNG.java:1037)
	at org.apache.maven.surefire.testng.TestNGExecutor.run(TestNGExecutor.java:135)
	at org.apache.maven.surefire.testng.TestNGDirectoryTestSuite.executeMulti(TestNGDirectoryTestSuite.java:193)
	at org.apache.maven.surefire.testng.TestNGDirectoryTestSuite.execute(TestNGDirectoryTestSuite.java:94)
	at org.apache.maven.surefire.testng.TestNGProvider.invoke(TestNGProvider.java:146)
	at org.apache.maven.surefire.booter.ForkedBooter.invokeProviderInSameClassLoader(ForkedBooter.java:384)
	at org.apache.maven.surefire.booter.ForkedBooter.runSuitesInProcess(ForkedBooter.java:345)
	at org.apache.maven.surefire.booter.ForkedBooter.execute(ForkedBooter.java:126)
	at org.apache.maven.surefire.booter.ForkedBooter.main(ForkedBooter.java:418)
</pre></div></td>
<td>0</td>
<td>com.interview.coding.battleshipservice.util.ShipDeploymentValidatorTest@333291e3</td></tr>
<tr>
<td title='com.interview.coding.battleshipservice.util.ShipDeploymentValidatorTest.testValidateWithIncorrectShipsNumberDeployed()'><b>testValidateWithIncorrectShipsNumberDeployed</b><br>Test class: com.interview.coding.battleshipservice.util.ShipDeploymentValidatorTest</td>
<td><div><pre>com.interview.coding.battleshipservice.exception.ShipDeploymentException: Wrong number of deployed ships: expected 5, got 4
	at com.interview.coding.battleshipservice.util.ShipDeploymentValidator.numberOfDeployedShips(ShipDeploymentValidator.java:46)
	at com.interview.coding.battleshipservice.util.ShipDeploymentValidator.validate(ShipDeploymentValidator.java:20)
	at com.interview.coding.battleshipservice.util.ShipDeploymentValidatorTest.testValidateWithIncorrectShipsNumberDeployed(ShipDeploymentValidatorTest.java:36)
	at java.base/java.util.ArrayList.forEach(ArrayList.java:1541)
... Removed 32 stack frames</pre></div><a href='#' onClick='toggleBox("stack-trace1906879951", this, "Click to show all stack frames", "Click to hide stack frames")'>Click to show all stack frames</a>
<div class='stack-trace' id='stack-trace1906879951'><pre>com.interview.coding.battleshipservice.exception.ShipDeploymentException: Wrong number of deployed ships: expected 5, got 4
	at com.interview.coding.battleshipservice.util.ShipDeploymentValidator.numberOfDeployedShips(ShipDeploymentValidator.java:46)
	at com.interview.coding.battleshipservice.util.ShipDeploymentValidator.validate(ShipDeploymentValidator.java:20)
	at com.interview.coding.battleshipservice.util.ShipDeploymentValidatorTest.testValidateWithIncorrectShipsNumberDeployed(ShipDeploymentValidatorTest.java:36)
	at java.base/jdk.internal.reflect.NativeMethodAccessorImpl.invoke0(Native Method)
	at java.base/jdk.internal.reflect.NativeMethodAccessorImpl.invoke(NativeMethodAccessorImpl.java:62)
	at java.base/jdk.internal.reflect.DelegatingMethodAccessorImpl.invoke(DelegatingMethodAccessorImpl.java:43)
	at java.base/java.lang.reflect.Method.invoke(Method.java:566)
	at org.testng.internal.MethodInvocationHelper.invokeMethod(MethodInvocationHelper.java:132)
	at org.testng.internal.TestInvoker.invokeMethod(TestInvoker.java:599)
	at org.testng.internal.TestInvoker.invokeTestMethod(TestInvoker.java:174)
	at org.testng.internal.MethodRunner.runInSequence(MethodRunner.java:46)
	at org.testng.internal.TestInvoker$MethodInvocationAgent.invoke(TestInvoker.java:822)
	at org.testng.internal.TestInvoker.invokeTestMethods(TestInvoker.java:147)
	at org.testng.internal.TestMethodWorker.invokeTestMethods(TestMethodWorker.java:146)
	at org.testng.internal.TestMethodWorker.run(TestMethodWorker.java:128)
	at java.base/java.util.ArrayList.forEach(ArrayList.java:1541)
	at org.testng.TestRunner.privateRun(TestRunner.java:764)
	at org.testng.TestRunner.run(TestRunner.java:585)
	at org.testng.SuiteRunner.runTest(SuiteRunner.java:384)
	at org.testng.SuiteRunner.runSequentially(SuiteRunner.java:378)
	at org.testng.SuiteRunner.privateRun(SuiteRunner.java:337)
	at org.testng.SuiteRunner.run(SuiteRunner.java:286)
	at org.testng.SuiteRunnerWorker.runSuite(SuiteRunnerWorker.java:53)
	at org.testng.SuiteRunnerWorker.run(SuiteRunnerWorker.java:96)
	at org.testng.TestNG.runSuitesSequentially(TestNG.java:1218)
	at org.testng.TestNG.runSuitesLocally(TestNG.java:1140)
	at org.testng.TestNG.runSuites(TestNG.java:1069)
	at org.testng.TestNG.run(TestNG.java:1037)
	at org.apache.maven.surefire.testng.TestNGExecutor.run(TestNGExecutor.java:135)
	at org.apache.maven.surefire.testng.TestNGDirectoryTestSuite.executeMulti(TestNGDirectoryTestSuite.java:193)
	at org.apache.maven.surefire.testng.TestNGDirectoryTestSuite.execute(TestNGDirectoryTestSuite.java:94)
	at org.apache.maven.surefire.testng.TestNGProvider.invoke(TestNGProvider.java:146)
	at org.apache.maven.surefire.booter.ForkedBooter.invokeProviderInSameClassLoader(ForkedBooter.java:384)
	at org.apache.maven.surefire.booter.ForkedBooter.runSuitesInProcess(ForkedBooter.java:345)
	at org.apache.maven.surefire.booter.ForkedBooter.execute(ForkedBooter.java:126)
	at org.apache.maven.surefire.booter.ForkedBooter.main(ForkedBooter.java:418)
</pre></div></td>
<td>0</td>
<td>com.interview.coding.battleshipservice.util.ShipDeploymentValidatorTest@333291e3</td></tr>
<tr>
<td title='com.interview.coding.battleshipservice.util.ShipDeploymentValidatorTest.testValidateWithOverlappingShips()'><b>testValidateWithOverlappingShips</b><br>Test class: com.interview.coding.battleshipservice.util.ShipDeploymentValidatorTest</td>
<td><div><pre>com.interview.coding.battleshipservice.exception.ShipDeploymentException: Deployed ships overlap - they cannot overlap!
	at com.interview.coding.battleshipservice.util.ShipDeploymentValidator.shipsOverlap(ShipDeploymentValidator.java:101)
	at com.interview.coding.battleshipservice.util.ShipDeploymentValidator.validate(ShipDeploymentValidator.java:22)
	at com.interview.coding.battleshipservice.util.ShipDeploymentValidatorTest.testValidateWithOverlappingShips(ShipDeploymentValidatorTest.java:42)
	at java.base/java.util.ArrayList.forEach(ArrayList.java:1541)
... Removed 32 stack frames</pre></div><a href='#' onClick='toggleBox("stack-trace1374066265", this, "Click to show all stack frames", "Click to hide stack frames")'>Click to show all stack frames</a>
<div class='stack-trace' id='stack-trace1374066265'><pre>com.interview.coding.battleshipservice.exception.ShipDeploymentException: Deployed ships overlap - they cannot overlap!
	at com.interview.coding.battleshipservice.util.ShipDeploymentValidator.shipsOverlap(ShipDeploymentValidator.java:101)
	at com.interview.coding.battleshipservice.util.ShipDeploymentValidator.validate(ShipDeploymentValidator.java:22)
	at com.interview.coding.battleshipservice.util.ShipDeploymentValidatorTest.testValidateWithOverlappingShips(ShipDeploymentValidatorTest.java:42)
	at java.base/jdk.internal.reflect.NativeMethodAccessorImpl.invoke0(Native Method)
	at java.base/jdk.internal.reflect.NativeMethodAccessorImpl.invoke(NativeMethodAccessorImpl.java:62)
	at java.base/jdk.internal.reflect.DelegatingMethodAccessorImpl.invoke(DelegatingMethodAccessorImpl.java:43)
	at java.base/java.lang.reflect.Method.invoke(Method.java:566)
	at org.testng.internal.MethodInvocationHelper.invokeMethod(MethodInvocationHelper.java:132)
	at org.testng.internal.TestInvoker.invokeMethod(TestInvoker.java:599)
	at org.testng.internal.TestInvoker.invokeTestMethod(TestInvoker.java:174)
	at org.testng.internal.MethodRunner.runInSequence(MethodRunner.java:46)
	at org.testng.internal.TestInvoker$MethodInvocationAgent.invoke(TestInvoker.java:822)
	at org.testng.internal.TestInvoker.invokeTestMethods(TestInvoker.java:147)
	at org.testng.internal.TestMethodWorker.invokeTestMethods(TestMethodWorker.java:146)
	at org.testng.internal.TestMethodWorker.run(TestMethodWorker.java:128)
	at java.base/java.util.ArrayList.forEach(ArrayList.java:1541)
	at org.testng.TestRunner.privateRun(TestRunner.java:764)
	at org.testng.TestRunner.run(TestRunner.java:585)
	at org.testng.SuiteRunner.runTest(SuiteRunner.java:384)
	at org.testng.SuiteRunner.runSequentially(SuiteRunner.java:378)
	at org.testng.SuiteRunner.privateRun(SuiteRunner.java:337)
	at org.testng.SuiteRunner.run(SuiteRunner.java:286)
	at org.testng.SuiteRunnerWorker.runSuite(SuiteRunnerWorker.java:53)
	at org.testng.SuiteRunnerWorker.run(SuiteRunnerWorker.java:96)
	at org.testng.TestNG.runSuitesSequentially(TestNG.java:1218)
	at org.testng.TestNG.runSuitesLocally(TestNG.java:1140)
	at org.testng.TestNG.runSuites(TestNG.java:1069)
	at org.testng.TestNG.run(TestNG.java:1037)
	at org.apache.maven.surefire.testng.TestNGExecutor.run(TestNGExecutor.java:135)
	at org.apache.maven.surefire.testng.TestNGDirectoryTestSuite.executeMulti(TestNGDirectoryTestSuite.java:193)
	at org.apache.maven.surefire.testng.TestNGDirectoryTestSuite.execute(TestNGDirectoryTestSuite.java:94)
	at org.apache.maven.surefire.testng.TestNGProvider.invoke(TestNGProvider.java:146)
	at org.apache.maven.surefire.booter.ForkedBooter.invokeProviderInSameClassLoader(ForkedBooter.java:384)
	at org.apache.maven.surefire.booter.ForkedBooter.runSuitesInProcess(ForkedBooter.java:345)
	at org.apache.maven.surefire.booter.ForkedBooter.execute(ForkedBooter.java:126)
	at org.apache.maven.surefire.booter.ForkedBooter.main(ForkedBooter.java:418)
</pre></div></td>
<td>0</td>
<td>com.interview.coding.battleshipservice.util.ShipDeploymentValidatorTest@333291e3</td></tr>
<tr>
<td title='com.interview.coding.battleshipservice.util.ShipDeploymentValidatorTest.testValidateWithShipOutOfGrid()'><b>testValidateWithShipOutOfGrid</b><br>Test class: com.interview.coding.battleshipservice.util.ShipDeploymentValidatorTest</td>
<td><div><pre>com.interview.coding.battleshipservice.exception.ShipDeploymentException: Ship AircraftCarrier with coordinates [G0, G1, G2, G3, G4] is not deployed correctly on the field
	at com.interview.coding.battleshipservice.util.ShipDeploymentValidator.shipIsOutOfGrid(ShipDeploymentValidator.java:63)
	at com.interview.coding.battleshipservice.util.ShipDeploymentValidator.lambda$validate$0(ShipDeploymentValidator.java:25)
	at java.base/java.util.ArrayList.forEach(ArrayList.java:1541)
	at com.interview.coding.battleshipservice.util.ShipDeploymentValidator.validate(ShipDeploymentValidator.java:23)
	at com.interview.coding.battleshipservice.util.ShipDeploymentValidatorTest.testValidateWithShipOutOfGrid(ShipDeploymentValidatorTest.java:54)
	at java.base/java.util.ArrayList.forEach(ArrayList.java:1541)
... Removed 32 stack frames</pre></div><a href='#' onClick='toggleBox("stack-trace1205445235", this, "Click to show all stack frames", "Click to hide stack frames")'>Click to show all stack frames</a>
<div class='stack-trace' id='stack-trace1205445235'><pre>com.interview.coding.battleshipservice.exception.ShipDeploymentException: Ship AircraftCarrier with coordinates [G0, G1, G2, G3, G4] is not deployed correctly on the field
	at com.interview.coding.battleshipservice.util.ShipDeploymentValidator.shipIsOutOfGrid(ShipDeploymentValidator.java:63)
	at com.interview.coding.battleshipservice.util.ShipDeploymentValidator.lambda$validate$0(ShipDeploymentValidator.java:25)
	at java.base/java.util.ArrayList.forEach(ArrayList.java:1541)
	at com.interview.coding.battleshipservice.util.ShipDeploymentValidator.validate(ShipDeploymentValidator.java:23)
	at com.interview.coding.battleshipservice.util.ShipDeploymentValidatorTest.testValidateWithShipOutOfGrid(ShipDeploymentValidatorTest.java:54)
	at java.base/jdk.internal.reflect.NativeMethodAccessorImpl.invoke0(Native Method)
	at java.base/jdk.internal.reflect.NativeMethodAccessorImpl.invoke(NativeMethodAccessorImpl.java:62)
	at java.base/jdk.internal.reflect.DelegatingMethodAccessorImpl.invoke(DelegatingMethodAccessorImpl.java:43)
	at java.base/java.lang.reflect.Method.invoke(Method.java:566)
	at org.testng.internal.MethodInvocationHelper.invokeMethod(MethodInvocationHelper.java:132)
	at org.testng.internal.TestInvoker.invokeMethod(TestInvoker.java:599)
	at org.testng.internal.TestInvoker.invokeTestMethod(TestInvoker.java:174)
	at org.testng.internal.MethodRunner.runInSequence(MethodRunner.java:46)
	at org.testng.internal.TestInvoker$MethodInvocationAgent.invoke(TestInvoker.java:822)
	at org.testng.internal.TestInvoker.invokeTestMethods(TestInvoker.java:147)
	at org.testng.internal.TestMethodWorker.invokeTestMethods(TestMethodWorker.java:146)
	at org.testng.internal.TestMethodWorker.run(TestMethodWorker.java:128)
	at java.base/java.util.ArrayList.forEach(ArrayList.java:1541)
	at org.testng.TestRunner.privateRun(TestRunner.java:764)
	at org.testng.TestRunner.run(TestRunner.java:585)
	at org.testng.SuiteRunner.runTest(SuiteRunner.java:384)
	at org.testng.SuiteRunner.runSequentially(SuiteRunner.java:378)
	at org.testng.SuiteRunner.privateRun(SuiteRunner.java:337)
	at org.testng.SuiteRunner.run(SuiteRunner.java:286)
	at org.testng.SuiteRunnerWorker.runSuite(SuiteRunnerWorker.java:53)
	at org.testng.SuiteRunnerWorker.run(SuiteRunnerWorker.java:96)
	at org.testng.TestNG.runSuitesSequentially(TestNG.java:1218)
	at org.testng.TestNG.runSuitesLocally(TestNG.java:1140)
	at org.testng.TestNG.runSuites(TestNG.java:1069)
	at org.testng.TestNG.run(TestNG.java:1037)
	at org.apache.maven.surefire.testng.TestNGExecutor.run(TestNGExecutor.java:135)
	at org.apache.maven.surefire.testng.TestNGDirectoryTestSuite.executeMulti(TestNGDirectoryTestSuite.java:193)
	at org.apache.maven.surefire.testng.TestNGDirectoryTestSuite.execute(TestNGDirectoryTestSuite.java:94)
	at org.apache.maven.surefire.testng.TestNGProvider.invoke(TestNGProvider.java:146)
	at org.apache.maven.surefire.booter.ForkedBooter.invokeProviderInSameClassLoader(ForkedBooter.java:384)
	at org.apache.maven.surefire.booter.ForkedBooter.runSuitesInProcess(ForkedBooter.java:345)
	at org.apache.maven.surefire.booter.ForkedBooter.execute(ForkedBooter.java:126)
	at org.apache.maven.surefire.booter.ForkedBooter.main(ForkedBooter.java:418)
</pre></div></td>
<td>0</td>
<td>com.interview.coding.battleshipservice.util.ShipDeploymentValidatorTest@333291e3</td></tr>
<tr>
<td title='com.interview.coding.battleshipservice.util.ShipDeploymentValidatorTest.testValidateWithValidDeployment()'><b>testValidateWithValidDeployment</b><br>Test class: com.interview.coding.battleshipservice.util.ShipDeploymentValidatorTest</td>
<td></td>
<td>0</td>
<td>com.interview.coding.battleshipservice.util.ShipDeploymentValidatorTest@333291e3</td></tr>
<tr>
<td title='com.interview.coding.battleshipservice.util.ShipDeploymentValidatorTest.testValidateWithWrongShipLength()'><b>testValidateWithWrongShipLength</b><br>Test class: com.interview.coding.battleshipservice.util.ShipDeploymentValidatorTest</td>
<td><div><pre>com.interview.coding.battleshipservice.exception.ShipDeploymentException: Ship AircraftCarrier with coordinates [B2] is not deployed correctly on the field
	at com.interview.coding.battleshipservice.util.ShipDeploymentValidator.shipLengthIsWrong(ShipDeploymentValidator.java:55)
	at com.interview.coding.battleshipservice.util.ShipDeploymentValidator.lambda$validate$0(ShipDeploymentValidator.java:24)
	at java.base/java.util.ArrayList.forEach(ArrayList.java:1541)
	at com.interview.coding.battleshipservice.util.ShipDeploymentValidator.validate(ShipDeploymentValidator.java:23)
	at com.interview.coding.battleshipservice.util.ShipDeploymentValidatorTest.testValidateWithWrongShipLength(ShipDeploymentValidatorTest.java:48)
	at java.base/java.util.ArrayList.forEach(ArrayList.java:1541)
... Removed 32 stack frames</pre></div><a href='#' onClick='toggleBox("stack-trace767904468", this, "Click to show all stack frames", "Click to hide stack frames")'>Click to show all stack frames</a>
<div class='stack-trace' id='stack-trace767904468'><pre>com.interview.coding.battleshipservice.exception.ShipDeploymentException: Ship AircraftCarrier with coordinates [B2] is not deployed correctly on the field
	at com.interview.coding.battleshipservice.util.ShipDeploymentValidator.shipLengthIsWrong(ShipDeploymentValidator.java:55)
	at com.interview.coding.battleshipservice.util.ShipDeploymentValidator.lambda$validate$0(ShipDeploymentValidator.java:24)
	at java.base/java.util.ArrayList.forEach(ArrayList.java:1541)
	at com.interview.coding.battleshipservice.util.ShipDeploymentValidator.validate(ShipDeploymentValidator.java:23)
	at com.interview.coding.battleshipservice.util.ShipDeploymentValidatorTest.testValidateWithWrongShipLength(ShipDeploymentValidatorTest.java:48)
	at java.base/jdk.internal.reflect.NativeMethodAccessorImpl.invoke0(Native Method)
	at java.base/jdk.internal.reflect.NativeMethodAccessorImpl.invoke(NativeMethodAccessorImpl.java:62)
	at java.base/jdk.internal.reflect.DelegatingMethodAccessorImpl.invoke(DelegatingMethodAccessorImpl.java:43)
	at java.base/java.lang.reflect.Method.invoke(Method.java:566)
	at org.testng.internal.MethodInvocationHelper.invokeMethod(MethodInvocationHelper.java:132)
	at org.testng.internal.TestInvoker.invokeMethod(TestInvoker.java:599)
	at org.testng.internal.TestInvoker.invokeTestMethod(TestInvoker.java:174)
	at org.testng.internal.MethodRunner.runInSequence(MethodRunner.java:46)
	at org.testng.internal.TestInvoker$MethodInvocationAgent.invoke(TestInvoker.java:822)
	at org.testng.internal.TestInvoker.invokeTestMethods(TestInvoker.java:147)
	at org.testng.internal.TestMethodWorker.invokeTestMethods(TestMethodWorker.java:146)
	at org.testng.internal.TestMethodWorker.run(TestMethodWorker.java:128)
	at java.base/java.util.ArrayList.forEach(ArrayList.java:1541)
	at org.testng.TestRunner.privateRun(TestRunner.java:764)
	at org.testng.TestRunner.run(TestRunner.java:585)
	at org.testng.SuiteRunner.runTest(SuiteRunner.java:384)
	at org.testng.SuiteRunner.runSequentially(SuiteRunner.java:378)
	at org.testng.SuiteRunner.privateRun(SuiteRunner.java:337)
	at org.testng.SuiteRunner.run(SuiteRunner.java:286)
	at org.testng.SuiteRunnerWorker.runSuite(SuiteRunnerWorker.java:53)
	at org.testng.SuiteRunnerWorker.run(SuiteRunnerWorker.java:96)
	at org.testng.TestNG.runSuitesSequentially(TestNG.java:1218)
	at org.testng.TestNG.runSuitesLocally(TestNG.java:1140)
	at org.testng.TestNG.runSuites(TestNG.java:1069)
	at org.testng.TestNG.run(TestNG.java:1037)
	at org.apache.maven.surefire.testng.TestNGExecutor.run(TestNGExecutor.java:135)
	at org.apache.maven.surefire.testng.TestNGDirectoryTestSuite.executeMulti(TestNGDirectoryTestSuite.java:193)
	at org.apache.maven.surefire.testng.TestNGDirectoryTestSuite.execute(TestNGDirectoryTestSuite.java:94)
	at org.apache.maven.surefire.testng.TestNGProvider.invoke(TestNGProvider.java:146)
	at org.apache.maven.surefire.booter.ForkedBooter.invokeProviderInSameClassLoader(ForkedBooter.java:384)
	at org.apache.maven.surefire.booter.ForkedBooter.runSuitesInProcess(ForkedBooter.java:345)
	at org.apache.maven.surefire.booter.ForkedBooter.execute(ForkedBooter.java:126)
	at org.apache.maven.surefire.booter.ForkedBooter.main(ForkedBooter.java:418)
</pre></div></td>
<td>0</td>
<td>com.interview.coding.battleshipservice.util.ShipDeploymentValidatorTest@333291e3</td></tr>
</table><p>
</body>
</html>